[14:51:53] [main/INFO] (FabricLoader/GameProvider) Loading Minecraft 1.21.8 with Fabric Loader 0.17.2
[14:51:53] [main/INFO] (FabricLoader) Loading 50 mods:
	- bioms-of-infinity 1.0.0
	- fabric-api 0.134.0+1.21.8
	- fabric-api-base 0.5.0+cd8c0daa2c
	- fabric-api-lookup-api-v1 1.6.101+946bf4c32c
	- fabric-biome-api-v1 16.1.0+c21d71cc2c
	- fabric-block-api-v1 1.1.3+946bf4c32c
	- fabric-block-view-api-v2 1.0.31+946bf4c32c
	- fabric-client-gametest-api-v1 4.2.5+8a98c3fc2c
	- fabric-command-api-v2 2.3.1+52fff9ec2c
	- fabric-content-registries-v0 10.1.0+c75de69d2c
	- fabric-convention-tags-v1 2.1.41+7f945d5b2c
	- fabric-convention-tags-v2 2.15.6+eb5df52f2c
	- fabric-crash-report-info-v1 0.3.15+946bf4c32c
	- fabric-data-attachment-api-v1 1.8.13+38b5f74e2c
	- fabric-data-generation-api-v1 23.2.7+2e1c6d322c
	- fabric-dimensions-v1 4.0.20+948fc79a2c
	- fabric-entity-events-v1 2.1.2+c9e472732c
	- fabric-events-interaction-v0 4.0.25+946bf4c32c
	- fabric-game-rule-api-v1 1.0.73+c64c9c5b2c
	- fabric-gametest-api-v1 3.1.10+39ce47f52c
	- fabric-item-api-v1 11.5.0+02ce13f42c
	- fabric-item-group-api-v1 4.2.14+c5f9bbc12c
	- fabric-key-binding-api-v1 1.0.65+946bf4c32c
	- fabric-lifecycle-events-v1 2.6.4+db4dfd852c
	- fabric-loot-api-v2 3.0.56+3f89f5a52c
	- fabric-loot-api-v3 2.0.3+946bf4c32c
	- fabric-message-api-v1 6.1.2+946bf4c32c
	- fabric-model-loading-api-v1 5.2.7+946bf4c32c
	- fabric-networking-api-v1 5.0.3+4ddbf91b2c
	- fabric-object-builder-api-v1 21.1.9+946bf4c32c
	- fabric-particles-v1 4.1.9+946bf4c32c
	- fabric-recipe-api-v1 8.1.16+946bf4c32c
	- fabric-registry-sync-v0 6.1.29+946bf4c32c
	- fabric-renderer-api-v1 7.0.4+208eed172c
	- fabric-renderer-indigo 4.0.4+946bf4c32c
	- fabric-rendering-fluids-v1 3.1.31+fa6cb72b2c
	- fabric-rendering-v1 12.5.1+fbe231d52c
	- fabric-resource-conditions-api-v1 5.0.25+98e6d6db2c
	- fabric-resource-loader-v0 3.1.12+020423442c
	- fabric-screen-api-v1 2.2.0+e0cb65d02c
	- fabric-screen-handler-api-v1 1.3.138+946bf4c32c
	- fabric-serialization-api-v1 1.0.0+fc0e5aba2c
	- fabric-sound-api-v1 1.0.42+946bf4c32c
	- fabric-tag-api-v1 1.2.2+946bf4c32c
	- fabric-transfer-api-v1 6.0.6+946bf4c32c
	- fabric-transitive-access-wideners-v1 6.5.0+c847ce762c
	- fabricloader 0.17.2
	- java 21
	- minecraft 1.21.8
	- mixinextras 0.5.0
[14:51:53] [main/INFO] (FabricLoader/Mixin) SpongePowered MIXIN Subsystem Version=0.8.7 Source=file:/C:/Users/Liam%20Baum/.gradle/caches/modules-2/files-2.1/net.fabricmc/sponge-mixin/0.16.3+mixin.0.8.7/3e535042688d1265447e52ad86950b7d9678a5fa/sponge-mixin-0.16.3+mixin.0.8.7.jar Service=Knot/Fabric Env=CLIENT
[14:51:53] [main/INFO] (FabricLoader/Mixin) Loaded Fabric development mappings for mixin remapper!
[14:51:54] [main/INFO] (FabricLoader/Mixin) Compatibility level set to JAVA_21
[14:51:55] [main/INFO] (FabricLoader/MixinExtras|Service) Initializing MixinExtras via com.llamalad7.mixinextras.service.MixinExtrasServiceImpl(version=0.5.0).
[14:51:57] [Datafixer Bootstrap/INFO] (Minecraft) 269 Datafixer optimizations took 775 milliseconds
[14:52:04] [Render thread/INFO] (Minecraft) Environment: Environment[sessionHost=https://sessionserver.mojang.com, servicesHost=https://api.minecraftservices.com, name=PROD]
[14:52:04] [Render thread/INFO] (Minecraft) Setting user: Player994
[14:52:04] [Render thread/INFO] (bioms-of-infinity) Initializing Bioms of Infinity - Adding mystical dimensions to Minecraft!
[14:52:04] [Render thread/INFO] (bioms-of-infinity) Registering ModBlocks for bioms-of-infinity
[14:52:04] [Render thread/INFO] (bioms-of-infinity) Registering ModItems for bioms-of-infinity
[14:52:04] [Render thread/INFO] (bioms-of-infinity) Registering ModEntities for bioms-of-infinity
[14:52:04] [Render thread/INFO] (bioms-of-infinity) Registering biome modifications for bioms-of-infinity
[14:52:04] [Render thread/INFO] (bioms-of-infinity) Biome modifications registered successfully!
[14:52:04] [Render thread/INFO] (bioms-of-infinity) Nebelwipfel and Kristallhain biomes are now available!
[14:52:04] [Render thread/INFO] (bioms-of-infinity) Registering End biomes for bioms-of-infinity
[14:52:04] [Render thread/INFO] (bioms-of-infinity) End biomes registered successfully - Nebelwipfel and Kristallhain are now part of the End dimension!
[14:52:04] [Render thread/INFO] (bioms-of-infinity) Bioms of Infinity loaded successfully! Mist Peaks and Crystal Grove await...
[14:52:05] [Render thread/INFO] (Indigo) [Indigo] Registering Indigo renderer!
[14:52:05] [Render thread/INFO] (Minecraft) Backend library: LWJGL version 3.3.3-snapshot
[14:52:06] [Render thread/INFO] (Minecraft) Using optional rendering extensions: GL_ARB_buffer_storage, GL_KHR_debug, GL_ARB_vertex_attrib_binding, GL_ARB_direct_state_access
[14:52:07] [Render thread/INFO] (Minecraft) Reloading ResourceManager: vanilla, fabric, bioms-of-infinity, fabric-api, fabric-api-base, fabric-api-lookup-api-v1, fabric-biome-api-v1, fabric-block-api-v1, fabric-block-view-api-v2, fabric-client-gametest-api-v1, fabric-command-api-v2, fabric-content-registries-v0, fabric-convention-tags-v1, fabric-convention-tags-v2, fabric-crash-report-info-v1, fabric-data-attachment-api-v1, fabric-data-generation-api-v1, fabric-dimensions-v1, fabric-entity-events-v1, fabric-events-interaction-v0, fabric-game-rule-api-v1, fabric-gametest-api-v1, fabric-item-api-v1, fabric-item-group-api-v1, fabric-key-binding-api-v1, fabric-lifecycle-events-v1, fabric-loot-api-v2, fabric-loot-api-v3, fabric-message-api-v1, fabric-model-loading-api-v1, fabric-networking-api-v1, fabric-object-builder-api-v1, fabric-particles-v1, fabric-recipe-api-v1, fabric-registry-sync-v0, fabric-renderer-api-v1, fabric-renderer-indigo, fabric-rendering-fluids-v1, fabric-rendering-v1, fabric-resource-conditions-api-v1, fabric-resource-loader-v0, fabric-screen-api-v1, fabric-screen-handler-api-v1, fabric-serialization-api-v1, fabric-sound-api-v1, fabric-tag-api-v1, fabric-transfer-api-v1, fabric-transitive-access-wideners-v1, fabricloader
[14:52:07] [Worker-Main-3/INFO] (Minecraft) Found unifont_all_no_pua-16.0.03.hex, loading
[14:52:07] [Worker-Main-7/INFO] (Minecraft) Found unifont_pua-16.0.03.hex, loading
[14:52:08] [Worker-Main-3/INFO] (Minecraft) Found unifont_jp_patch-16.0.03.hex, loading
[14:52:09] [Worker-Main-1/WARN] (Minecraft) Missing textures in model bioms-of-infinity:block/mist_granite:
    minecraft:textures/atlas/blocks.png:bioms-of-infinity:block/mist_granite
[14:52:09] [Worker-Main-1/WARN] (Minecraft) Missing textures in model bioms-of-infinity:block/ethereal_log:
    minecraft:textures/atlas/blocks.png:bioms-of-infinity:block/ethereal_log
    minecraft:textures/atlas/blocks.png:bioms-of-infinity:block/ethereal_log_top
[14:52:09] [Worker-Main-1/WARN] (Minecraft) Missing textures in model bioms-of-infinity:block/glowing_moss_block:
    minecraft:textures/atlas/blocks.png:bioms-of-infinity:block/glowing_moss_block
[14:52:12] [Render thread/INFO] (Minecraft) OpenAL initialized on device OpenAL Soft on Lautsprecher/Kopfhörer (Realtek High Definition Audio)
[14:52:12] [Render thread/INFO] (Minecraft) Sound engine started
[14:52:12] [Render thread/INFO] (Minecraft) Created: 1024x512x4 minecraft:textures/atlas/blocks.png-atlas
[14:52:13] [Render thread/INFO] (Minecraft) Created: 256x256x4 minecraft:textures/atlas/signs.png-atlas
[14:52:13] [Render thread/INFO] (Minecraft) Created: 512x512x4 minecraft:textures/atlas/shield_patterns.png-atlas
[14:52:14] [Render thread/INFO] (Minecraft) Created: 512x512x4 minecraft:textures/atlas/banner_patterns.png-atlas
[14:52:14] [Render thread/INFO] (Minecraft) Created: 2048x1024x4 minecraft:textures/atlas/armor_trims.png-atlas
[14:52:15] [Render thread/INFO] (Minecraft) Created: 256x256x4 minecraft:textures/atlas/chest.png-atlas
[14:52:15] [Render thread/INFO] (Minecraft) Created: 128x64x4 minecraft:textures/atlas/decorated_pot.png-atlas
[14:52:15] [Render thread/INFO] (Minecraft) Created: 512x256x4 minecraft:textures/atlas/shulker_boxes.png-atlas
[14:52:15] [Render thread/INFO] (Minecraft) Created: 512x256x4 minecraft:textures/atlas/beds.png-atlas
[14:52:15] [Render thread/INFO] (Minecraft) Created: 64x64x0 minecraft:textures/atlas/map_decorations.png-atlas
[14:52:15] [Render thread/INFO] (Minecraft) Created: 512x256x0 minecraft:textures/atlas/particles.png-atlas
[14:52:15] [Render thread/INFO] (Minecraft) Created: 512x256x0 minecraft:textures/atlas/paintings.png-atlas
[14:52:15] [Render thread/INFO] (Minecraft) Created: 1024x512x0 minecraft:textures/atlas/gui.png-atlas
[14:52:20] [Render thread/INFO] (bioms-of-infinity) Setting up dynamic registries for worldgen features
[14:52:21] [Render thread/INFO] (bioms-of-infinity) Setting up dynamic registries for worldgen features
[14:52:22] [Render thread/INFO] (Minecraft) Loaded 1407 recipes
[14:52:22] [Render thread/INFO] (Minecraft) Loaded 1520 advancements
[14:52:25] [Render thread/INFO] (BiomeModificationImpl) Applied 4 biome modifications to 2 of 67 new biomes in 8.722 ms
[14:52:25] [Server thread/INFO] (Minecraft) Starting integrated minecraft server version 1.21.8
[14:52:25] [Server thread/INFO] (Minecraft) Generating keypair
[14:52:32] [Server thread/INFO] (Minecraft) Preparing start region for dimension minecraft:overworld
[14:52:32] [Render thread/INFO] (Minecraft) Preparing spawn area: 2%
[14:52:33] [Render thread/INFO] (Minecraft) Preparing spawn area: 2%
[14:52:33] [Render thread/INFO] (Minecraft) Preparing spawn area: 2%
[14:52:34] [Render thread/INFO] (Minecraft) Preparing spawn area: 2%
[14:52:34] [Render thread/INFO] (Minecraft) Preparing spawn area: 2%
[14:52:35] [Render thread/INFO] (Minecraft) Preparing spawn area: 18%
[14:52:35] [Render thread/INFO] (Minecraft) Preparing spawn area: 18%
[14:52:36] [Render thread/INFO] (Minecraft) Preparing spawn area: 18%
[14:52:36] [Render thread/INFO] (Minecraft) Preparing spawn area: 51%
[14:52:37] [Render thread/INFO] (Minecraft) Preparing spawn area: 51%
[14:52:37] [Render thread/INFO] (Minecraft) Preparing spawn area: 51%
[14:52:38] [Render thread/INFO] (Minecraft) Preparing spawn area: 51%
[14:52:38] [Render thread/INFO] (Minecraft) Preparing spawn area: 51%
[14:52:38] [Render thread/INFO] (Minecraft) Time elapsed: 6226 ms
[14:52:38] [Server thread/INFO] (Minecraft) Changing view distance to 12, from 10
[14:52:38] [Server thread/INFO] (Minecraft) Changing simulation distance to 12, from 0
[14:52:40] [Server thread/INFO] (Minecraft) Player994[local:E:d537cbb6] logged in with entity id 9 at (20.5, 68.0, -52.5)
[14:52:40] [Server thread/INFO] (Minecraft) Player994 joined the game
[14:52:41] [Render thread/INFO] (Minecraft) Loaded 2 advancements
[14:52:41] [Render thread/INFO] (Minecraft) Resizing Dynamic Transforms UBO, capacity limit of 2 reached during a single frame. New capacity will be 4.
[14:52:41] [Render thread/INFO] (Minecraft) Resizing Dynamic Transforms UBO, capacity limit of 4 reached during a single frame. New capacity will be 8.
[14:52:41] [Render thread/INFO] (Minecraft) Resizing Dynamic Transforms UBO, capacity limit of 8 reached during a single frame. New capacity will be 16.
[14:52:42] [Render thread/INFO] (Minecraft) Resizing Dynamic Transforms UBO, capacity limit of 16 reached during a single frame. New capacity will be 32.
[14:52:42] [Render thread/INFO] (Minecraft) Resizing Dynamic Transforms UBO, capacity limit of 32 reached during a single frame. New capacity will be 64.
[14:52:45] [Render thread/INFO] (Minecraft) Resizing Dynamic Transforms UBO, capacity limit of 64 reached during a single frame. New capacity will be 128.
[14:52:50] [Render thread/INFO] (Minecraft) Resizing Dynamic Transforms UBO, capacity limit of 128 reached during a single frame. New capacity will be 256.
[14:53:00] [Render thread/INFO] (Minecraft) Resizing Dynamic Transforms UBO, capacity limit of 256 reached during a single frame. New capacity will be 512.
[14:53:10] [Server thread/INFO] (Minecraft) Player994 has made the advancement [The End?]
[14:53:10] [Server thread/INFO] (Minecraft) [Player994: Teleported Player994 to 1000.500000, 68.000000, 1000.500000]
[14:53:10] [Render thread/INFO] (Minecraft) [System] [CHAT] Player994 has made the advancement [The End?]
[14:53:10] [Render thread/INFO] (Minecraft) [System] [CHAT] Teleported Player994 to 1000.500000, 68.000000, 1000.500000
[14:53:12] [Render thread/INFO] (Minecraft) Loaded 17 advancements
[14:53:12] [Server thread/WARN] (Minecraft) Can't keep up! Is the server overloaded? Running 2097ms or 41 ticks behind
[14:53:14] [Server thread/INFO] (Minecraft) Saving and pausing game...
[14:53:15] [Server thread/INFO] (Minecraft) Saving chunks for level 'ServerLevel[New World]'/minecraft:overworld
[14:53:15] [Server thread/INFO] (Minecraft) Saving chunks for level 'ServerLevel[New World]'/minecraft:the_nether
[14:53:15] [Server thread/INFO] (Minecraft) Saving chunks for level 'ServerLevel[New World]'/minecraft:the_end
[14:53:42] [Server thread/INFO] (Minecraft) Saving and pausing game...
[14:53:42] [Server thread/INFO] (Minecraft) Saving chunks for level 'ServerLevel[New World]'/minecraft:overworld
[14:53:42] [Server thread/INFO] (Minecraft) Saving chunks for level 'ServerLevel[New World]'/minecraft:the_nether
[14:53:42] [Server thread/INFO] (Minecraft) Saving chunks for level 'ServerLevel[New World]'/minecraft:the_end
[14:53:43] [Server thread/INFO] (Minecraft) Player994 lost connection: Disconnected
[14:53:43] [Server thread/INFO] (Minecraft) Player994 left the game
[14:53:43] [Server thread/INFO] (Minecraft) Stopping singleplayer server as player logged out
[14:53:43] [Server thread/INFO] (Minecraft) Stopping server
[14:53:43] [Server thread/INFO] (Minecraft) Saving players
[14:53:43] [Server thread/INFO] (Minecraft) Saving worlds
[14:53:44] [Server thread/INFO] (Minecraft) Saving chunks for level 'ServerLevel[New World]'/minecraft:overworld
[14:53:45] [Server thread/INFO] (Minecraft) Saving chunks for level 'ServerLevel[New World]'/minecraft:the_nether
[14:53:45] [Server thread/INFO] (Minecraft) Saving chunks for level 'ServerLevel[New World]'/minecraft:the_end
[14:53:45] [Server thread/INFO] (Minecraft) ThreadedAnvilChunkStorage (New World (12)): All chunks are saved
[14:53:45] [Server thread/INFO] (Minecraft) ThreadedAnvilChunkStorage (DIM-1): All chunks are saved
[14:53:45] [Server thread/INFO] (Minecraft) ThreadedAnvilChunkStorage (DIM1): All chunks are saved
[14:53:45] [Server thread/INFO] (Minecraft) ThreadedAnvilChunkStorage: All dimensions are saved
[14:53:46] [Render thread/INFO] (Minecraft) Stopping!
